<?xml version="1.0" encoding="UTF-8"?>
<testng-results skipped="0" failed="1" total="3" passed="2">
  <reporter-output>
  </reporter-output>
  <suite name=" s1 " duration-ms="102296" started-at="2019-08-25T07:44:24Z" finished-at="2019-08-25T07:46:07Z">
    <groups>
    </groups>
    <test name=" t " duration-ms="52605" started-at="2019-08-25T07:44:24Z" finished-at="2019-08-25T07:45:17Z">
      <class name="TabScroll_Progm.TabScroll">
        <test-method status="PASS" signature="scroll()[pri:0, instance:TabScroll_Progm.TabScroll@1d057a39]" test-instance-name="" name="scroll" duration-ms="52582" started-at="2019-08-25T13:14:24Z" finished-at="2019-08-25T13:15:17Z">
          <reporter-output>
          </reporter-output>
        </test-method> <!-- scroll -->
      </class> <!-- TabScroll_Progm.TabScroll -->
    </test> <!--  t  -->
    <test name=" t1 " duration-ms="47599" started-at="2019-08-25T07:45:17Z" finished-at="2019-08-25T07:46:05Z">
      <class name="TabScroll_Progm.Scrolling">
        <test-method status="PASS" signature="scroll()[pri:0, instance:TabScroll_Progm.Scrolling@604ed9f0]" test-instance-name="" name="scroll" duration-ms="47597" started-at="2019-08-25T13:15:17Z" finished-at="2019-08-25T13:16:05Z">
          <reporter-output>
          </reporter-output>
        </test-method> <!-- scroll -->
      </class> <!-- TabScroll_Progm.Scrolling -->
    </test> <!--  t1  -->
    <test name=" t2 " duration-ms="2060" started-at="2019-08-25T07:46:05Z" finished-at="2019-08-25T07:46:07Z">
      <class name="TabScroll_Progm.Tabs">
        <test-method status="FAIL" signature="tab()[pri:0, instance:TabScroll_Progm.Tabs@4883b407]" test-instance-name="" name="tab" duration-ms="2013" started-at="2019-08-25T13:16:05Z" finished-at="2019-08-25T13:16:07Z">
          <exception class="java.lang.NullPointerException">
            <full-stacktrace>
              <![CDATA[java.lang.NullPointerException
	at TabScroll_Progm.Tabs.tab(Tabs.java:11)
	at sun.reflect.NativeMethodAccessorImpl.invoke0(Native Method)
	at sun.reflect.NativeMethodAccessorImpl.invoke(Unknown Source)
	at sun.reflect.DelegatingMethodAccessorImpl.invoke(Unknown Source)
	at java.lang.reflect.Method.invoke(Unknown Source)
	at org.testng.internal.MethodInvocationHelper.invokeMethod(MethodInvocationHelper.java:86)
	at org.testng.internal.Invoker.invokeMethod(Invoker.java:643)
	at org.testng.internal.Invoker.invokeTestMethod(Invoker.java:820)
	at org.testng.internal.Invoker.invokeTestMethods(Invoker.java:1128)
	at org.testng.internal.TestMethodWorker.invokeTestMethods(TestMethodWorker.java:129)
	at org.testng.internal.TestMethodWorker.run(TestMethodWorker.java:112)
	at org.testng.TestRunner.privateRun(TestRunner.java:782)
	at org.testng.TestRunner.run(TestRunner.java:632)
	at org.testng.SuiteRunner.runTest(SuiteRunner.java:366)
	at org.testng.SuiteRunner.runSequentially(SuiteRunner.java:361)
	at org.testng.SuiteRunner.privateRun(SuiteRunner.java:319)
	at org.testng.SuiteRunner.run(SuiteRunner.java:268)
	at org.testng.SuiteRunnerWorker.runSuite(SuiteRunnerWorker.java:52)
	at org.testng.SuiteRunnerWorker.run(SuiteRunnerWorker.java:86)
	at org.testng.TestNG.runSuitesSequentially(TestNG.java:1244)
	at org.testng.TestNG.runSuitesLocally(TestNG.java:1169)
	at org.testng.TestNG.run(TestNG.java:1064)
	at org.testng.remote.AbstractRemoteTestNG.run(AbstractRemoteTestNG.java:115)
	at org.testng.remote.RemoteTestNG.initAndRun(RemoteTestNG.java:251)
	at org.testng.remote.RemoteTestNG.main(RemoteTestNG.java:77)
]]>
            </full-stacktrace>
          </exception> <!-- java.lang.NullPointerException -->
          <reporter-output>
          </reporter-output>
        </test-method> <!-- tab -->
      </class> <!-- TabScroll_Progm.Tabs -->
    </test> <!--  t2  -->
  </suite> <!--  s1  -->
</testng-results>
